<?xml version="1.0" encoding="UTF-8"?>
<!-- Generated by org.testng.reporters.JUnitXMLReporter -->
<testsuite ignored="0" hostname="Mangalas-Air.frontierlocal.net" failures="0" tests="4" name="Default test" time="23.926" errors="0" timestamp="19 Sep 2018 21:33:42 GMT">
  <testcase classname="com.amazondemo.AmazonTestCases" name="verifySearch" time="5.906"/>
  <testcase classname="com.amazondemo.AmazonTestCases" name="SelectItem" time="7.808"/>
  <testcase classname="com.amazondemo.AmazonTestCases" name="addtocart" time="1.148"/>
  <testcase classname="com.amazondemo.AmazonTestCases" name="removeItem" time="2.461"/>
</testsuite> <!-- Default test -->
