<?xml version="1.0" encoding="UTF-8"?>
<!-- Generated by org.testng.reporters.JUnitXMLReporter -->
<testsuite ignored="2" hostname="Mangalas-Air.frontierlocal.net" failures="0" tests="4" name="Test" time="22.83" errors="0" timestamp="20 Sep 2018 15:25:53 GMT">
  <testcase classname="com.amazondemo.AmazonTestCases" name="verifySearch" time="5.256"/>
  <testcase classname="com.amazondemo.AmazonTestCases" name="SelectItem" time="7.984"/>
  <testcase classname="com.amazondemo.AmazonTestCases" name="addtocart" time="0.921"/>
  <testcase classname="com.amazondemo.AmazonTestCases" name="removeItem" time="3.237"/>
  <testcase classname="com.amazondemo.BaseScenarios" name="@AfterSuite cleanup" time="0.0">
    <ignored/>
  </testcase> <!-- @AfterSuite cleanup -->
  <testcase classname="com.amazondemo.BaseScenarios" name="@BeforeSuite executeBeforeASuite" time="0.0">
    <ignored/>
  </testcase> <!-- @BeforeSuite executeBeforeASuite -->
</testsuite> <!-- Test -->
