<?xml version="1.0" encoding="UTF-8"?>
<!-- Generated by org.testng.reporters.JUnitXMLReporter -->
<testsuite ignored="2" hostname="Mangalas-Air.frontierlocal.net" failures="0" tests="4" name="Test" time="22.095" errors="0" timestamp="19 Sep 2018 21:14:56 GMT">
  <testcase classname="com.amazondemo.AmazonTestCases" name="verifySearch" time="4.845"/>
  <testcase classname="com.amazondemo.AmazonTestCases" name="SelectItem" time="6.113"/>
  <testcase classname="com.amazondemo.AmazonTestCases" name="addtocart" time="0.984"/>
  <testcase classname="com.amazondemo.AmazonTestCases" name="removeItem" time="2.486"/>
  <testcase classname="com.amazondemo.BaseScenarios" name="@AfterSuite cleanup" time="0.0">
    <ignored/>
  </testcase> <!-- @AfterSuite cleanup -->
  <testcase classname="com.amazondemo.BaseScenarios" name="@BeforeSuite executeBeforeASuite" time="0.0">
    <ignored/>
  </testcase> <!-- @BeforeSuite executeBeforeASuite -->
</testsuite> <!-- Test -->
