<?xml version="1.0" encoding="UTF-8"?>
<testng-results ignored="2" total="6" passed="4" failed="0" skipped="0">
  <reporter-output>
  </reporter-output>
  <suite started-at="2018-09-19T21:14:34Z" name="Suite" finished-at="2018-09-19T21:14:56Z" duration-ms="22095">
    <groups>
    </groups>
    <test started-at="2018-09-19T21:14:34Z" name="Test" finished-at="2018-09-19T21:14:56Z" duration-ms="22095">
      <class name="com.amazondemo.AmazonTestCases">
        <test-method is-config="true" signature="executeBeforeASuite()[pri:0, instance:com.amazondemo.AmazonTestCases@71809907]" started-at="2018-09-19T16:14:34Z" name="executeBeforeASuite" finished-at="2018-09-19T16:14:34Z" duration-ms="22" status="PASS">
          <reporter-output>
          </reporter-output>
        </test-method> <!-- executeBeforeASuite -->
        <test-method is-config="true" signature="setup()[pri:0, instance:com.amazondemo.AmazonTestCases@71809907]" started-at="2018-09-19T16:14:34Z" name="setup" finished-at="2018-09-19T16:14:41Z" duration-ms="7631" status="PASS">
          <reporter-output>
          </reporter-output>
        </test-method> <!-- setup -->
        <test-method signature="verifySearch()[pri:1, instance:com.amazondemo.AmazonTestCases@71809907]" started-at="2018-09-19T16:14:41Z" name="verifySearch" finished-at="2018-09-19T16:14:46Z" duration-ms="4845" status="PASS">
          <reporter-output>
          </reporter-output>
        </test-method> <!-- verifySearch -->
        <test-method signature="SelectItem()[pri:2, instance:com.amazondemo.AmazonTestCases@71809907]" started-at="2018-09-19T16:14:46Z" name="SelectItem" finished-at="2018-09-19T16:14:52Z" duration-ms="6113" status="PASS">
          <reporter-output>
          </reporter-output>
        </test-method> <!-- SelectItem -->
        <test-method signature="addtocart()[pri:3, instance:com.amazondemo.AmazonTestCases@71809907]" started-at="2018-09-19T16:14:52Z" name="addtocart" finished-at="2018-09-19T16:14:53Z" duration-ms="984" status="PASS">
          <reporter-output>
          </reporter-output>
        </test-method> <!-- addtocart -->
        <test-method signature="removeItem()[pri:4, instance:com.amazondemo.AmazonTestCases@71809907]" started-at="2018-09-19T16:14:53Z" name="removeItem" finished-at="2018-09-19T16:14:56Z" duration-ms="2486" status="PASS">
          <reporter-output>
          </reporter-output>
        </test-method> <!-- removeItem -->
        <test-method is-config="true" signature="cleanup()[pri:0, instance:com.amazondemo.AmazonTestCases@71809907]" started-at="2018-09-19T16:14:56Z" name="cleanup" finished-at="2018-09-19T16:14:56Z" duration-ms="195" status="PASS">
          <reporter-output>
          </reporter-output>
        </test-method> <!-- cleanup -->
      </class> <!-- com.amazondemo.AmazonTestCases -->
    </test> <!-- Test -->
  </suite> <!-- Suite -->
</testng-results>
