<?xml version="1.0" encoding="UTF-8"?>
<testng-results ignored="0" total="4" passed="4" failed="0" skipped="0">
  <reporter-output>
  </reporter-output>
  <suite started-at="2018-09-19T21:33:18Z" name="Default suite" finished-at="2018-09-19T21:33:42Z" duration-ms="23926">
    <groups>
    </groups>
    <test started-at="2018-09-19T21:33:18Z" name="Default test" finished-at="2018-09-19T21:33:42Z" duration-ms="23926">
      <class name="com.amazondemo.AmazonTestCases">
        <test-method is-config="true" signature="executeBeforeASuite()[pri:0, instance:com.amazondemo.AmazonTestCases@4e3958e7]" started-at="2018-09-19T21:33:18Z" name="executeBeforeASuite" finished-at="2018-09-19T21:33:18Z" duration-ms="32" status="PASS">
          <reporter-output>
          </reporter-output>
        </test-method> <!-- executeBeforeASuite -->
        <test-method is-config="true" signature="setup()[pri:0, instance:com.amazondemo.AmazonTestCases@4e3958e7]" started-at="2018-09-19T21:33:18Z" name="setup" finished-at="2018-09-19T21:33:25Z" duration-ms="6556" status="PASS">
          <reporter-output>
          </reporter-output>
        </test-method> <!-- setup -->
        <test-method signature="verifySearch()[pri:1, instance:com.amazondemo.AmazonTestCases@4e3958e7]" started-at="2018-09-19T21:33:25Z" name="verifySearch" finished-at="2018-09-19T21:33:31Z" duration-ms="5906" status="PASS">
          <reporter-output>
          </reporter-output>
        </test-method> <!-- verifySearch -->
        <test-method signature="SelectItem()[pri:2, instance:com.amazondemo.AmazonTestCases@4e3958e7]" started-at="2018-09-19T21:33:31Z" name="SelectItem" finished-at="2018-09-19T21:33:39Z" duration-ms="7808" status="PASS">
          <reporter-output>
          </reporter-output>
        </test-method> <!-- SelectItem -->
        <test-method signature="addtocart()[pri:3, instance:com.amazondemo.AmazonTestCases@4e3958e7]" started-at="2018-09-19T21:33:39Z" name="addtocart" finished-at="2018-09-19T21:33:40Z" duration-ms="1148" status="PASS">
          <reporter-output>
          </reporter-output>
        </test-method> <!-- addtocart -->
        <test-method signature="removeItem()[pri:4, instance:com.amazondemo.AmazonTestCases@4e3958e7]" started-at="2018-09-19T21:33:40Z" name="removeItem" finished-at="2018-09-19T21:33:42Z" duration-ms="2461" status="PASS">
          <reporter-output>
          </reporter-output>
        </test-method> <!-- removeItem -->
        <test-method is-config="true" signature="cleanup()[pri:0, instance:com.amazondemo.AmazonTestCases@4e3958e7]" started-at="2018-09-19T21:33:42Z" name="cleanup" finished-at="2018-09-19T21:33:43Z" duration-ms="173" status="PASS">
          <reporter-output>
          </reporter-output>
        </test-method> <!-- cleanup -->
      </class> <!-- com.amazondemo.AmazonTestCases -->
    </test> <!-- Default test -->
  </suite> <!-- Default suite -->
</testng-results>
